<?xml version="1.0" encoding="UTF-8"?>
<testng-results ignored="0" total="1" passed="1" failed="0" skipped="0">
  <reporter-output>
  </reporter-output>
  <suite started-at="2019-11-08T16:33:19 IST" name="Default suite" finished-at="2019-11-08T16:33:33 IST" duration-ms="14139">
    <groups>
    </groups>
    <test started-at="2019-11-08T16:33:19 IST" name="Default test" finished-at="2019-11-08T16:33:33 IST" duration-ms="14139">
      <class name="TYSS.Maven.AppTest">
        <test-method signature="mainTest()[pri:0, instance:TYSS.Maven.AppTest@197d671]" started-at="2019-11-08T16:33:19 IST" name="mainTest" finished-at="2019-11-08T16:33:33 IST" duration-ms="14109" status="PASS">
          <reporter-output>
          </reporter-output>
        </test-method> <!-- mainTest -->
      </class> <!-- TYSS.Maven.AppTest -->
    </test> <!-- Default test -->
  </suite> <!-- Default suite -->
</testng-results>
